Started by user admin
[Pipeline] Start of Pipeline
[Pipeline] node
Running on Jenkins in /var/lib/jenkins/workspace/eks-deploy
[Pipeline] {
[Pipeline] withEnv
[Pipeline] {
[Pipeline] stage
[Pipeline] { (Initialize workspace)
[Pipeline] dir
Running in /var/lib/jenkins/workspace/eks-deploy/artifacts
[Pipeline] {
[Pipeline] deleteDir
[Pipeline] }
[Pipeline] // dir
[Pipeline] sh (Create artifacts directory)
+ mkdir -p /var/lib/jenkins/workspace/eks-deploy/artifacts
[Pipeline] }
[Pipeline] // stage
[Pipeline] stage
[Pipeline] { (SCM)
[Pipeline] checkout
The recommended git tool is: NONE
No credentials specified
 > git rev-parse --resolve-git-dir /var/lib/jenkins/workspace/eks-deploy/.git # timeout=10
Fetching changes from the remote Git repository
 > git config remote.origin.url https://github.com/tushardashpute/eks-pipeline.git # timeout=10
Fetching upstream changes from https://github.com/tushardashpute/eks-pipeline.git
 > git --version # timeout=10
 > git --version # 'git version 2.32.0'
 > git fetch --tags --force --progress -- https://github.com/tushardashpute/eks-pipeline.git +refs/heads/*:refs/remotes/origin/* # timeout=10
 > git rev-parse refs/remotes/origin/main^{commit} # timeout=10
Checking out Revision 7a1b86b60b6ec4ff590f43d53c7406e9ca17d409 (refs/remotes/origin/main)
 > git config core.sparsecheckout # timeout=10
 > git checkout -f 7a1b86b60b6ec4ff590f43d53c7406e9ca17d409 # timeout=10
Commit message: "Create service.yml"
 > git rev-list --no-walk 7a1b86b60b6ec4ff590f43d53c7406e9ca17d409 # timeout=10
[Pipeline] }
[Pipeline] // stage
[Pipeline] stage
[Pipeline] { (Generate kubeconfig for the cluster)
[Pipeline] script
[Pipeline] {
[Pipeline] sh
+ chmod +x /var/lib/jenkins/workspace/eks-deploy/generate_kubeconfig_eks.sh
[Pipeline] }
[Pipeline] // script
[Pipeline] sh (Generate kubeconfig file)
+ /var/lib/jenkins/workspace/eks-deploy/generate_kubeconfig_eks.sh
+ echo 'Generating kubeconfig for eks-qa'
Generating kubeconfig for eks-qa
+ aws eks update-kubeconfig --name eks-qa --region us-west-2 --kubeconfig /var/lib/jenkins/workspace/eks-deploy/artifacts/eks-qa-kubeconfig
Added new context arn:aws:eks:us-west-2:371732523491:cluster/eks-qa to /var/lib/jenkins/workspace/eks-deploy/artifacts/eks-qa-kubeconfig
+ echo 'KUBECONFIG saved to /var/lib/jenkins/workspace/eks-deploy/artifacts/eks-qa-kubeconfig'
KUBECONFIG saved to /var/lib/jenkins/workspace/eks-deploy/artifacts/eks-qa-kubeconfig
[Pipeline] }
[Pipeline] // stage
[Pipeline] stage
[Pipeline] { (Get the cluster details)
[Pipeline] script
[Pipeline] {
[Pipeline] sh
+ kubectl apply -f deployment.yml
deployment.apps/spring-boot-hello unchanged
+ kubectl apply -f service.yml
service/spring-boot-hello unchanged
+ kubectl get all
NAME                                     READY   STATUS    RESTARTS   AGE
pod/spring-boot-hello-5c5fbbc5c4-4ppnh   1/1     Running   0          48s

NAME                        TYPE        CLUSTER-IP       EXTERNAL-IP   PORT(S)          AGE
service/kubernetes          ClusterIP   10.100.0.1       <none>        443/TCP          3h45m
service/spring-boot-hello   NodePort    10.100.114.221   <none>        8080:30505/TCP   48s

NAME                                READY   UP-TO-DATE   AVAILABLE   AGE
deployment.apps/spring-boot-hello   1/1     1            1           49s

NAME                                           DESIRED   CURRENT   READY   AGE
replicaset.apps/spring-boot-hello-5c5fbbc5c4   1         1         1       49s
[Pipeline] }
[Pipeline] // script
[Pipeline] }
[Pipeline] // stage
[Pipeline] stage
[Pipeline] { (Declarative: Post Actions)
[Pipeline] cleanWs
[WS-CLEANUP] Deleting project workspace...
[WS-CLEANUP] Deferred wipeout is used...
[WS-CLEANUP] done
[Pipeline] }
[Pipeline] // stage
[Pipeline] }
[Pipeline] // withEnv
[Pipeline] }
[Pipeline] // node
[Pipeline] End of Pipeline
Finished: SUCCESS
